\BOOKMARK [1][-]{section.1}{Contents}{}% 1
\BOOKMARK [1][-]{section.2}{List of Figures}{}% 2
\BOOKMARK [1][-]{section.3}{1 Introduction}{}% 3
\BOOKMARK [2][-]{subsection.3.1}{1.1 The Early Universe}{section.3}% 4
\BOOKMARK [2][-]{subsection.3.2}{1.2 The Epoch of Reionization}{section.3}% 5
\BOOKMARK [2][-]{subsection.3.3}{1.3 Intensity Mapping Experiments}{section.3}% 6
\BOOKMARK [3][-]{subsubsection.3.3.1}{1.3.1 The Hydrogen Epoch of Reionization Array}{subsection.3.3}% 7
\BOOKMARK [3][-]{subsection.3.4}{1.3.2 SPHEREx}{subsection.3.3}% 8
\BOOKMARK [1][-]{section.4}{2. Modeling the Intergalactic Medium}{}% 9
\BOOKMARK [2][-]{subsection.4.1}{2.1. 21cm Fluctuations}{section.4}% 10
\BOOKMARK [2][-]{subsection.4.2}{2.2. Ly Emission}{section.4}% 11
\BOOKMARK [3][-]{subsubsection.4.2.1}{2.2.1 Galactic}{subsection.4.2}% 12
\BOOKMARK [3][-]{subsubsection.4.2.2}{2.2.2 Diffuse}{subsection.4.2}% 13
\BOOKMARK [3][-]{subsubsection.4.2.3}{2.2.3 Scattered}{subsection.4.2}% 14
\BOOKMARK [1][-]{section.5}{3. Cross-Correlation Studies}{}% 15
\BOOKMARK [2][-]{subsection.5.1}{3.1. Cross-Power Spectrum}{section.5}% 16
\BOOKMARK [2][-]{subsection.5.2}{3.2. Observational Uncertainties}{section.5}% 17
\BOOKMARK [2][-]{subsection.5.3}{3.3. Foreground Contamination}{section.5}% 18
\BOOKMARK [1][-]{section.6}{4. Conclusions}{}% 19
\BOOKMARK [1][-]{section.7}{References}{}% 20
\BOOKMARK [1][-]{section.8}{Appendix}{}% 21
